<?xml version="1.0" encoding="UTF-8"?>
<!-- Generated by org.testng.reporters.JUnitReportReporter -->
<testsuite hostname="IP-AC1F944B" name="genesis.NewTest" tests="1" failures="0" timestamp="3 Jan 2018 09:12:05 GMT" time="22.389" errors="0">
  <testcase name="testgooglrsearch" time="22.389" classname="genesis.NewTest"/>
</testsuite> <!-- genesis.NewTest -->
